<?xml version="1.0" encoding="UTF-8"?>
<testng-results skipped="0" failed="0" total="1" passed="1">
  <reporter-output>
  </reporter-output>
  <suite name="Suite" duration-ms="7991" started-at="2018-11-16T07:33:27Z" finished-at="2018-11-16T07:33:35Z">
    <groups>
    </groups>
    <test name="Test" duration-ms="7991" started-at="2018-11-16T07:33:27Z" finished-at="2018-11-16T07:33:35Z">
      <class name="com.ActionDemo.ActionFirstTest">
        <test-method status="PASS" signature="beforeTest()[pri:0, instance:com.ActionDemo.ActionFirstTest@511baa65]" name="beforeTest" is-config="true" duration-ms="3642" started-at="2018-11-16T13:03:27Z" finished-at="2018-11-16T13:03:30Z">
          <reporter-output>
          </reporter-output>
        </test-method> <!-- beforeTest -->
        <test-method status="PASS" signature="DragDrop()[pri:0, instance:com.ActionDemo.ActionFirstTest@511baa65]" name="DragDrop" duration-ms="4331" started-at="2018-11-16T13:03:30Z" finished-at="2018-11-16T13:03:35Z">
          <reporter-output>
          </reporter-output>
        </test-method> <!-- DragDrop -->
        <test-method status="PASS" signature="afterTest()[pri:0, instance:com.ActionDemo.ActionFirstTest@511baa65]" name="afterTest" is-config="true" duration-ms="6" started-at="2018-11-16T13:03:35Z" finished-at="2018-11-16T13:03:35Z">
          <reporter-output>
          </reporter-output>
        </test-method> <!-- afterTest -->
      </class> <!-- com.ActionDemo.ActionFirstTest -->
    </test> <!-- Test -->
  </suite> <!-- Suite -->
</testng-results>
